build/app/intermediates/manifest_merge_blame_file/release/processReleaseMainManifest/manifest-merger-blame-release-report.txt
1<?xml version="1.0" encoding="utf-8"?>
2<manifest xmlns:android="http://schemas.android.com/apk/res/android"
3    package="com.example.sentimentos_app"
4    android:versionCode="1"
5    android:versionName="1.0.0" >
6
7    <uses-sdk
8        android:minSdkVersion="21"
9        android:targetSdkVersion="35" />
10
11    <!-- PERMISSÕES -->
12    <uses-permission android:name="android.permission.VIBRATE" />
12-->src\main\AndroidManifest.xml:4:5-66
12-->src\main\AndroidManifest.xml:4:22-63
13    <uses-permission android:name="android.permission.POST_NOTIFICATIONS" />
13-->src\main\AndroidManifest.xml:5:5-76
13-->src\main\AndroidManifest.xml:5:22-74
14    <uses-permission android:name="android.permission.INTERNET" />
14-->src\main\AndroidManifest.xml:6:1-63
14-->src\main\AndroidManifest.xml:6:18-60
15
16    <queries>
16-->src\main\AndroidManifest.xml:44:5-49:15
17        <intent>
17-->src\main\AndroidManifest.xml:45:9-48:18
18            <action android:name="android.intent.action.PROCESS_TEXT" />
18-->src\main\AndroidManifest.xml:46:13-72
18-->src\main\AndroidManifest.xml:46:21-70
19
20            <data android:mimeType="text/plain" />
20-->src\main\AndroidManifest.xml:47:13-50
20-->src\main\AndroidManifest.xml:47:19-48
21        </intent>
22    </queries>
23
24    <permission
24-->[androidx.core:core:1.13.1] AndroidManifest.xml:22:5-24:47
25        android:name="com.example.sentimentos_app.DYNAMIC_RECEIVER_NOT_EXPORTED_PERMISSION"
25-->[androidx.core:core:1.13.1] AndroidManifest.xml:23:9-81
26        android:protectionLevel="signature" />
26-->[androidx.core:core:1.13.1] AndroidManifest.xml:24:9-44
27
28    <uses-permission android:name="com.example.sentimentos_app.DYNAMIC_RECEIVER_NOT_EXPORTED_PERMISSION" />
28-->[androidx.core:core:1.13.1] AndroidManifest.xml:26:5-97
28-->[androidx.core:core:1.13.1] AndroidManifest.xml:26:22-94
29
30    <application
31        android:name="android.app.Application"
31-->src\main\AndroidManifest.xml:10:9-42
32        android:appComponentFactory="androidx.core.app.CoreComponentFactory"
32-->[androidx.core:core:1.13.1] AndroidManifest.xml:28:18-86
33        android:extractNativeLibs="true"
34        android:icon="@mipmap/ic_launcher"
34-->src\main\AndroidManifest.xml:11:9-43
35        android:label="sentimentos_app" >
35-->src\main\AndroidManifest.xml:9:9-40
36        <activity
36-->src\main\AndroidManifest.xml:13:9-33:20
37            android:name="com.example.sentimentos_app.MainActivity"
37-->src\main\AndroidManifest.xml:14:13-41
38            android:configChanges="orientation|keyboardHidden|keyboard|screenSize|smallestScreenSize|locale|layoutDirection|fontScale|screenLayout|density|uiMode"
38-->src\main\AndroidManifest.xml:19:13-163
39            android:exported="true"
39-->src\main\AndroidManifest.xml:15:13-36
40            android:hardwareAccelerated="true"
40-->src\main\AndroidManifest.xml:20:13-47
41            android:launchMode="singleTop"
41-->src\main\AndroidManifest.xml:16:13-43
42            android:taskAffinity=""
42-->src\main\AndroidManifest.xml:17:13-36
43            android:theme="@style/LaunchTheme"
43-->src\main\AndroidManifest.xml:18:13-47
44            android:windowSoftInputMode="adjustResize" >
44-->src\main\AndroidManifest.xml:21:13-55
45            <meta-data
45-->src\main\AndroidManifest.xml:23:13-26:15
46                android:name="io.flutter.embedding.android.NormalTheme"
46-->src\main\AndroidManifest.xml:24:17-72
47                android:resource="@style/NormalTheme" />
47-->src\main\AndroidManifest.xml:25:17-54
48
49            <intent-filter>
49-->src\main\AndroidManifest.xml:28:13-31:29
50                <action android:name="android.intent.action.MAIN" />
50-->src\main\AndroidManifest.xml:29:17-68
50-->src\main\AndroidManifest.xml:29:25-66
51
52                <category android:name="android.intent.category.LAUNCHER" />
52-->src\main\AndroidManifest.xml:30:17-76
52-->src\main\AndroidManifest.xml:30:27-74
53            </intent-filter>
54        </activity>
55
56        <meta-data
56-->src\main\AndroidManifest.xml:35:9-37:33
57            android:name="flutterEmbedding"
57-->src\main\AndroidManifest.xml:36:13-44
58            android:value="2" />
58-->src\main\AndroidManifest.xml:37:13-30
59        <meta-data
59-->src\main\AndroidManifest.xml:39:9-41:51
60            android:name="com.google.firebase.messaging.default_notification_channel_id"
60-->src\main\AndroidManifest.xml:40:13-89
61            android:value="sentimentos_channel" />
61-->src\main\AndroidManifest.xml:41:13-48
62
63        <uses-library
63-->[androidx.window:window:1.2.0] AndroidManifest.xml:23:9-25:40
64            android:name="androidx.window.extensions"
64-->[androidx.window:window:1.2.0] AndroidManifest.xml:24:13-54
65            android:required="false" />
65-->[androidx.window:window:1.2.0] AndroidManifest.xml:25:13-37
66        <uses-library
66-->[androidx.window:window:1.2.0] AndroidManifest.xml:26:9-28:40
67            android:name="androidx.window.sidecar"
67-->[androidx.window:window:1.2.0] AndroidManifest.xml:27:13-51
68            android:required="false" />
68-->[androidx.window:window:1.2.0] AndroidManifest.xml:28:13-37
69
70        <provider
70-->[androidx.lifecycle:lifecycle-process:2.7.0] AndroidManifest.xml:24:9-32:20
71            android:name="androidx.startup.InitializationProvider"
71-->[androidx.lifecycle:lifecycle-process:2.7.0] AndroidManifest.xml:25:13-67
72            android:authorities="com.example.sentimentos_app.androidx-startup"
72-->[androidx.lifecycle:lifecycle-process:2.7.0] AndroidManifest.xml:26:13-68
73            android:exported="false" >
73-->[androidx.lifecycle:lifecycle-process:2.7.0] AndroidManifest.xml:27:13-37
74            <meta-data
74-->[androidx.lifecycle:lifecycle-process:2.7.0] AndroidManifest.xml:29:13-31:52
75                android:name="androidx.lifecycle.ProcessLifecycleInitializer"
75-->[androidx.lifecycle:lifecycle-process:2.7.0] AndroidManifest.xml:30:17-78
76                android:value="androidx.startup" />
76-->[androidx.lifecycle:lifecycle-process:2.7.0] AndroidManifest.xml:31:17-49
77            <meta-data
77-->[androidx.profileinstaller:profileinstaller:1.3.1] AndroidManifest.xml:29:13-31:52
78                android:name="androidx.profileinstaller.ProfileInstallerInitializer"
78-->[androidx.profileinstaller:profileinstaller:1.3.1] AndroidManifest.xml:30:17-85
79                android:value="androidx.startup" />
79-->[androidx.profileinstaller:profileinstaller:1.3.1] AndroidManifest.xml:31:17-49
80        </provider>
81
82        <receiver
82-->[androidx.profileinstaller:profileinstaller:1.3.1] AndroidManifest.xml:34:9-52:20
83            android:name="androidx.profileinstaller.ProfileInstallReceiver"
83-->[androidx.profileinstaller:profileinstaller:1.3.1] AndroidManifest.xml:35:13-76
84            android:directBootAware="false"
84-->[androidx.profileinstaller:profileinstaller:1.3.1] AndroidManifest.xml:36:13-44
85            android:enabled="true"
85-->[androidx.profileinstaller:profileinstaller:1.3.1] AndroidManifest.xml:37:13-35
86            android:exported="true"
86-->[androidx.profileinstaller:profileinstaller:1.3.1] AndroidManifest.xml:38:13-36
87            android:permission="android.permission.DUMP" >
87-->[androidx.profileinstaller:profileinstaller:1.3.1] AndroidManifest.xml:39:13-57
88            <intent-filter>
88-->[androidx.profileinstaller:profileinstaller:1.3.1] AndroidManifest.xml:40:13-42:29
89                <action android:name="androidx.profileinstaller.action.INSTALL_PROFILE" />
89-->[androidx.profileinstaller:profileinstaller:1.3.1] AndroidManifest.xml:41:17-91
89-->[androidx.profileinstaller:profileinstaller:1.3.1] AndroidManifest.xml:41:25-88
90            </intent-filter>
91            <intent-filter>
91-->[androidx.profileinstaller:profileinstaller:1.3.1] AndroidManifest.xml:43:13-45:29
92                <action android:name="androidx.profileinstaller.action.SKIP_FILE" />
92-->[androidx.profileinstaller:profileinstaller:1.3.1] AndroidManifest.xml:44:17-85
92-->[androidx.profileinstaller:profileinstaller:1.3.1] AndroidManifest.xml:44:25-82
93            </intent-filter>
94            <intent-filter>
94-->[androidx.profileinstaller:profileinstaller:1.3.1] AndroidManifest.xml:46:13-48:29
95                <action android:name="androidx.profileinstaller.action.SAVE_PROFILE" />
95-->[androidx.profileinstaller:profileinstaller:1.3.1] AndroidManifest.xml:47:17-88
95-->[androidx.profileinstaller:profileinstaller:1.3.1] AndroidManifest.xml:47:25-85
96            </intent-filter>
97            <intent-filter>
97-->[androidx.profileinstaller:profileinstaller:1.3.1] AndroidManifest.xml:49:13-51:29
98                <action android:name="androidx.profileinstaller.action.BENCHMARK_OPERATION" />
98-->[androidx.profileinstaller:profileinstaller:1.3.1] AndroidManifest.xml:50:17-95
98-->[androidx.profileinstaller:profileinstaller:1.3.1] AndroidManifest.xml:50:25-92
99            </intent-filter>
100        </receiver>
101    </application>
102
103</manifest>